2022-05-21T02:32:19+00:00 CRITICAL syntax error, unexpected '}', expecting elseif (T_ELSEIF) or else (T_ELSE) or endif (T_ENDIF) in C:\xampp\htdocs\littleandlittle\wp-content\themes\flatsome\functions.php on line 467

2022-05-21T02:32:23+00:00 CRITICAL syntax error, unexpected '}', expecting elseif (T_ELSEIF) or else (T_ELSE) or endif (T_ENDIF) in C:\xampp\htdocs\littleandlittle\wp-content\themes\flatsome\functions.php on line 467

2022-05-21T02:32:24+00:00 CRITICAL syntax error, unexpected '}', expecting elseif (T_ELSEIF) or else (T_ELSE) or endif (T_ENDIF) in C:\xampp\htdocs\littleandlittle\wp-content\themes\flatsome\functions.php on line 467

2022-05-21T02:34:19+00:00 CRITICAL syntax error, unexpected '}', expecting elseif (T_ELSEIF) or else (T_ELSE) or endif (T_ENDIF) in C:\xampp\htdocs\littleandlittle\wp-content\themes\flatsome\functions.php on line 465

2022-05-21T02:34:24+00:00 CRITICAL syntax error, unexpected '}', expecting elseif (T_ELSEIF) or else (T_ELSE) or endif (T_ENDIF) in C:\xampp\htdocs\littleandlittle\wp-content\themes\flatsome\functions.php on line 465

2022-05-21T02:36:20+00:00 CRITICAL syntax error, unexpected '}', expecting elseif (T_ELSEIF) or else (T_ELSE) or endif (T_ENDIF) in C:\xampp\htdocs\littleandlittle\wp-content\themes\flatsome\functions.php on line 465

2022-05-21T02:36:25+00:00 CRITICAL syntax error, unexpected '}', expecting elseif (T_ELSEIF) or else (T_ELSE) or endif (T_ENDIF) in C:\xampp\htdocs\littleandlittle\wp-content\themes\flatsome\functions.php on line 465

2022-05-21T02:37:23+00:00 CRITICAL syntax error, unexpected '}', expecting elseif (T_ELSEIF) or else (T_ELSE) or endif (T_ENDIF) in C:\xampp\htdocs\littleandlittle\wp-content\themes\flatsome\functions.php on line 465

2022-05-21T02:38:15+00:00 CRITICAL syntax error, unexpected '}', expecting elseif (T_ELSEIF) or else (T_ELSE) or endif (T_ENDIF) in C:\xampp\htdocs\littleandlittle\wp-content\themes\flatsome\functions.php on line 465

2022-05-21T02:38:21+00:00 CRITICAL syntax error, unexpected '}', expecting elseif (T_ELSEIF) or else (T_ELSE) or endif (T_ENDIF) in C:\xampp\htdocs\littleandlittle\wp-content\themes\flatsome\functions.php on line 465

2022-05-21T02:38:26+00:00 CRITICAL syntax error, unexpected '}', expecting elseif (T_ELSEIF) or else (T_ELSE) or endif (T_ENDIF) in C:\xampp\htdocs\littleandlittle\wp-content\themes\flatsome\functions.php on line 465

2022-05-21T04:55:24+00:00 CRITICAL Uncaught Error: Call to undefined function showValue() in C:\xampp\htdocs\littleandlittle\wp-content\themes\flatsome\functions.php:107
Stack trace:
#0 C:\xampp\htdocs\littleandlittle\wp-includes\shortcodes.php(356): registered('', '', 'registered')
#1 [internal function]: do_shortcode_tag(Array)
#2 C:\xampp\htdocs\littleandlittle\wp-includes\shortcodes.php(228): preg_replace_callback('/\\[(\\[?)(regist...', 'do_shortcode_ta...', '\n[registered]\n')
#3 C:\xampp\htdocs\littleandlittle\wp-content\themes\flatsome\inc\helpers\helpers-shortcode.php(203): do_shortcode('\n[registered]\n')
#4 C:\xampp\htdocs\littleandlittle\wp-content\themes\flatsome\inc\shortcodes\text_box.php(100): flatsome_contentfix('\n[registered]\n')
#5 C:\xampp\htdocs\littleandlittle\wp-includes\shortcodes.php(356): flatsome_text_box(Array, '\n[registered]\n', 'text_box')
#6 [internal function]: do_shortcode_tag(Array)
#7 C:\xampp\htdocs\littleandlittle\wp-includes\shortcodes.php(228): preg_replace_callback('/\\[(\\[?)(text_b...', 'do_shortcode in C:\xampp\htdocs\littleandlittle\wp-content\themes\flatsome\functions.php on line 107

2022-05-21T04:55:25+00:00 CRITICAL Uncaught Error: Call to undefined function showValue() in C:\xampp\htdocs\littleandlittle\wp-content\themes\flatsome\functions.php:107
Stack trace:
#0 C:\xampp\htdocs\littleandlittle\wp-includes\shortcodes.php(356): registered('', '', 'registered')
#1 [internal function]: do_shortcode_tag(Array)
#2 C:\xampp\htdocs\littleandlittle\wp-includes\shortcodes.php(228): preg_replace_callback('/\\[(\\[?)(regist...', 'do_shortcode_ta...', '\n[registered]\n')
#3 C:\xampp\htdocs\littleandlittle\wp-content\themes\flatsome\inc\helpers\helpers-shortcode.php(203): do_shortcode('\n[registered]\n')
#4 C:\xampp\htdocs\littleandlittle\wp-content\themes\flatsome\inc\shortcodes\text_box.php(100): flatsome_contentfix('\n[registered]\n')
#5 C:\xampp\htdocs\littleandlittle\wp-includes\shortcodes.php(356): flatsome_text_box(Array, '\n[registered]\n', 'text_box')
#6 [internal function]: do_shortcode_tag(Array)
#7 C:\xampp\htdocs\littleandlittle\wp-includes\shortcodes.php(228): preg_replace_callback('/\\[(\\[?)(text_b...', 'do_shortcode in C:\xampp\htdocs\littleandlittle\wp-content\themes\flatsome\functions.php on line 107

