2022-05-12T02:17:18+00:00 CRITICAL Uncaught Error: Call to a member function get_price() on null in C:\xampp\htdocs\littleandlittle\wp-content\plugins\woocommerce\includes\class-wc-cart.php:2012
Stack trace:
#0 C:\xampp\htdocs\littleandlittle\wp-content\themes\flatsome\functions.php(174): WC_Cart->get_product_subtotal(NULL, NULL)
#1 C:\xampp\htdocs\littleandlittle\wp-includes\shortcodes.php(356): payment('', '', 'payment')
#2 [internal function]: do_shortcode_tag(Array)
#3 C:\xampp\htdocs\littleandlittle\wp-includes\shortcodes.php(228): preg_replace_callback('/\\[(\\[?)(paymen...', 'do_shortcode_ta...', '\n<p >[payment]\n')
#4 C:\xampp\htdocs\littleandlittle\wp-content\themes\flatsome\inc\helpers\helpers-shortcode.php(203): do_shortcode('\n<p >[payment]\n')
#5 C:\xampp\htdocs\littleandlittle\wp-content\themes\flatsome\inc\shortcodes\text_box.php(100): flatsome_contentfix('\n<p >[payment]\n')
#6 C:\xampp\htdocs\littleandlittle\wp-includes\shortcodes.php(356): flatsome_text_box(Array, '\n<p >[payment]\n', 'text_box')
#7 [internal function]: do_s in C:\xampp\htdocs\littleandlittle\wp-content\plugins\woocommerce\includes\class-wc-cart.php on line 2012

2022-05-12T07:19:20+00:00 CRITICAL syntax error, unexpected 'form' (T_STRING) in C:\xampp\htdocs\littleandlittle\wp-content\themes\flatsome\functions.php on line 134

2022-05-12T14:20:00+07:00 CRITICAL Uncaught Error: Call to a member function get_cart_total() on null in C:\xampp\htdocs\littleandlittle\wp-content\themes\flatsome\functions.php:131
Stack trace:
#0 C:\xampp\htdocs\littleandlittle\wp-includes\shortcodes.php(356): vnpay('', '', 'vnpay')
#1 [internal function]: do_shortcode_tag(Array)
#2 C:\xampp\htdocs\littleandlittle\wp-includes\shortcodes.php(228): preg_replace_callback('/\\[(\\[?)(vnpay)...', 'do_shortcode_ta...', '\n[vnpay]\n')
#3 C:\xampp\htdocs\littleandlittle\wp-content\themes\flatsome\inc\helpers\helpers-shortcode.php(203): do_shortcode('\n[vnpay]\n')
#4 C:\xampp\htdocs\littleandlittle\wp-content\themes\flatsome\inc\shortcodes\text_box.php(100): flatsome_contentfix('\n[vnpay]\n')
#5 C:\xampp\htdocs\littleandlittle\wp-includes\shortcodes.php(356): flatsome_text_box(Array, '\n[vnpay]\n', 'text_box')
#6 [internal function]: do_shortcode_tag(Array)
#7 C:\xampp\htdocs\littleandlittle\wp-includes\shortcodes.php(228): preg_replace_callback('/\\[(\\[?)(text_b...', 'do_shortcode_ta...', '\n[ux_im in C:\xampp\htdocs\littleandlittle\wp-content\themes\flatsome\functions.php on line 131

2022-05-12T14:21:18+07:00 CRITICAL Uncaught Error: Call to a member function get_price_html() on null in C:\xampp\htdocs\littleandlittle\wp-content\themes\flatsome\functions.php:131
Stack trace:
#0 C:\xampp\htdocs\littleandlittle\wp-includes\shortcodes.php(356): vnpay('', '', 'vnpay')
#1 [internal function]: do_shortcode_tag(Array)
#2 C:\xampp\htdocs\littleandlittle\wp-includes\shortcodes.php(228): preg_replace_callback('/\\[(\\[?)(vnpay)...', 'do_shortcode_ta...', '\n[vnpay]\n')
#3 C:\xampp\htdocs\littleandlittle\wp-content\themes\flatsome\inc\helpers\helpers-shortcode.php(203): do_shortcode('\n[vnpay]\n')
#4 C:\xampp\htdocs\littleandlittle\wp-content\themes\flatsome\inc\shortcodes\text_box.php(100): flatsome_contentfix('\n[vnpay]\n')
#5 C:\xampp\htdocs\littleandlittle\wp-includes\shortcodes.php(356): flatsome_text_box(Array, '\n[vnpay]\n', 'text_box')
#6 [internal function]: do_shortcode_tag(Array)
#7 C:\xampp\htdocs\littleandlittle\wp-includes\shortcodes.php(228): preg_replace_callback('/\\[(\\[?)(text_b...', 'do_shortcode_ta...', '\n[ux_im in C:\xampp\htdocs\littleandlittle\wp-content\themes\flatsome\functions.php on line 131

2022-05-12T14:21:37+07:00 CRITICAL Uncaught Error: Call to a member function get_price_html() on null in C:\xampp\htdocs\littleandlittle\wp-content\themes\flatsome\functions.php:131
Stack trace:
#0 C:\xampp\htdocs\littleandlittle\wp-includes\shortcodes.php(356): vnpay('', '', 'vnpay')
#1 [internal function]: do_shortcode_tag(Array)
#2 C:\xampp\htdocs\littleandlittle\wp-includes\shortcodes.php(228): preg_replace_callback('/\\[(\\[?)(vnpay)...', 'do_shortcode_ta...', '\n[vnpay]\n')
#3 C:\xampp\htdocs\littleandlittle\wp-content\themes\flatsome\inc\helpers\helpers-shortcode.php(203): do_shortcode('\n[vnpay]\n')
#4 C:\xampp\htdocs\littleandlittle\wp-content\themes\flatsome\inc\shortcodes\text_box.php(100): flatsome_contentfix('\n[vnpay]\n')
#5 C:\xampp\htdocs\littleandlittle\wp-includes\shortcodes.php(356): flatsome_text_box(Array, '\n[vnpay]\n', 'text_box')
#6 [internal function]: do_shortcode_tag(Array)
#7 C:\xampp\htdocs\littleandlittle\wp-includes\shortcodes.php(228): preg_replace_callback('/\\[(\\[?)(text_b...', 'do_shortcode_ta...', '\n[ux_im in C:\xampp\htdocs\littleandlittle\wp-content\themes\flatsome\functions.php on line 131

2022-05-12T14:22:13+07:00 CRITICAL Uncaught Error: Call to a member function get_price_html() on null in C:\xampp\htdocs\littleandlittle\wp-content\themes\flatsome\functions.php:131
Stack trace:
#0 C:\xampp\htdocs\littleandlittle\wp-includes\shortcodes.php(356): vnpay('', '', 'vnpay')
#1 [internal function]: do_shortcode_tag(Array)
#2 C:\xampp\htdocs\littleandlittle\wp-includes\shortcodes.php(228): preg_replace_callback('/\\[(\\[?)(vnpay)...', 'do_shortcode_ta...', '\n[vnpay]\n')
#3 C:\xampp\htdocs\littleandlittle\wp-content\themes\flatsome\inc\helpers\helpers-shortcode.php(203): do_shortcode('\n[vnpay]\n')
#4 C:\xampp\htdocs\littleandlittle\wp-content\themes\flatsome\inc\shortcodes\text_box.php(100): flatsome_contentfix('\n[vnpay]\n')
#5 C:\xampp\htdocs\littleandlittle\wp-includes\shortcodes.php(356): flatsome_text_box(Array, '\n[vnpay]\n', 'text_box')
#6 [internal function]: do_shortcode_tag(Array)
#7 C:\xampp\htdocs\littleandlittle\wp-includes\shortcodes.php(228): preg_replace_callback('/\\[(\\[?)(text_b...', 'do_shortcode_ta...', '\n[ux_im in C:\xampp\htdocs\littleandlittle\wp-content\themes\flatsome\functions.php on line 131

2022-05-12T14:23:04+07:00 CRITICAL Uncaught Error: Call to a member function get_price_html() on null in C:\xampp\htdocs\littleandlittle\wp-content\themes\flatsome\functions.php:131
Stack trace:
#0 C:\xampp\htdocs\littleandlittle\wp-includes\shortcodes.php(356): vnpay('', '', 'vnpay')
#1 [internal function]: do_shortcode_tag(Array)
#2 C:\xampp\htdocs\littleandlittle\wp-includes\shortcodes.php(228): preg_replace_callback('/\\[(\\[?)(vnpay)...', 'do_shortcode_ta...', '\n[vnpay]\n')
#3 C:\xampp\htdocs\littleandlittle\wp-content\themes\flatsome\inc\helpers\helpers-shortcode.php(203): do_shortcode('\n[vnpay]\n')
#4 C:\xampp\htdocs\littleandlittle\wp-content\themes\flatsome\inc\shortcodes\text_box.php(100): flatsome_contentfix('\n[vnpay]\n')
#5 C:\xampp\htdocs\littleandlittle\wp-includes\shortcodes.php(356): flatsome_text_box(Array, '\n[vnpay]\n', 'text_box')
#6 [internal function]: do_shortcode_tag(Array)
#7 C:\xampp\htdocs\littleandlittle\wp-includes\shortcodes.php(228): preg_replace_callback('/\\[(\\[?)(text_b...', 'do_shortcode_ta...', '\n[ux_im in C:\xampp\htdocs\littleandlittle\wp-content\themes\flatsome\functions.php on line 131

2022-05-12T14:26:17+07:00 CRITICAL Uncaught Error: Call to a member function get_price_html() on null in C:\xampp\htdocs\littleandlittle\wp-content\themes\flatsome\functions.php:131
Stack trace:
#0 C:\xampp\htdocs\littleandlittle\wp-includes\shortcodes.php(356): vnpay('', '', 'vnpay')
#1 [internal function]: do_shortcode_tag(Array)
#2 C:\xampp\htdocs\littleandlittle\wp-includes\shortcodes.php(228): preg_replace_callback('/\\[(\\[?)(vnpay)...', 'do_shortcode_ta...', '\n[vnpay]\n')
#3 C:\xampp\htdocs\littleandlittle\wp-content\themes\flatsome\inc\helpers\helpers-shortcode.php(203): do_shortcode('\n[vnpay]\n')
#4 C:\xampp\htdocs\littleandlittle\wp-content\themes\flatsome\inc\shortcodes\text_box.php(100): flatsome_contentfix('\n[vnpay]\n')
#5 C:\xampp\htdocs\littleandlittle\wp-includes\shortcodes.php(356): flatsome_text_box(Array, '\n[vnpay]\n', 'text_box')
#6 [internal function]: do_shortcode_tag(Array)
#7 C:\xampp\htdocs\littleandlittle\wp-includes\shortcodes.php(228): preg_replace_callback('/\\[(\\[?)(text_b...', 'do_shortcode_ta...', '\n[ux_im in C:\xampp\htdocs\littleandlittle\wp-content\themes\flatsome\functions.php on line 131

2022-05-12T14:27:30+07:00 CRITICAL Uncaught Error: Call to a member function get_price_html() on null in C:\xampp\htdocs\littleandlittle\wp-content\themes\flatsome\functions.php:134
Stack trace:
#0 C:\xampp\htdocs\littleandlittle\wp-includes\shortcodes.php(356): vnpay('', '', 'vnpay')
#1 [internal function]: do_shortcode_tag(Array)
#2 C:\xampp\htdocs\littleandlittle\wp-includes\shortcodes.php(228): preg_replace_callback('/\\[(\\[?)(vnpay)...', 'do_shortcode_ta...', '\n[vnpay]\n')
#3 C:\xampp\htdocs\littleandlittle\wp-content\themes\flatsome\inc\helpers\helpers-shortcode.php(203): do_shortcode('\n[vnpay]\n')
#4 C:\xampp\htdocs\littleandlittle\wp-content\themes\flatsome\inc\shortcodes\text_box.php(100): flatsome_contentfix('\n[vnpay]\n')
#5 C:\xampp\htdocs\littleandlittle\wp-includes\shortcodes.php(356): flatsome_text_box(Array, '\n[vnpay]\n', 'text_box')
#6 [internal function]: do_shortcode_tag(Array)
#7 C:\xampp\htdocs\littleandlittle\wp-includes\shortcodes.php(228): preg_replace_callback('/\\[(\\[?)(text_b...', 'do_shortcode_ta...', '\n[ux_im in C:\xampp\htdocs\littleandlittle\wp-content\themes\flatsome\functions.php on line 134

2022-05-12T08:13:56+00:00 CRITICAL Uncaught Error: Call to a member function get_cart_total() on null in C:\xampp\htdocs\littleandlittle\wp-content\themes\flatsome\functions.php:192
Stack trace:
#0 C:\xampp\htdocs\littleandlittle\wp-includes\shortcodes.php(356): payment('', '', 'payment')
#1 [internal function]: do_shortcode_tag(Array)
#2 C:\xampp\htdocs\littleandlittle\wp-includes\shortcodes.php(228): preg_replace_callback('/\\[(\\[?)(paymen...', 'do_shortcode_ta...', '\n<p >[payment]\n')
#3 C:\xampp\htdocs\littleandlittle\wp-content\themes\flatsome\inc\helpers\helpers-shortcode.php(203): do_shortcode('\n<p >[payment]\n')
#4 C:\xampp\htdocs\littleandlittle\wp-content\themes\flatsome\inc\shortcodes\text_box.php(100): flatsome_contentfix('\n<p >[payment]\n')
#5 C:\xampp\htdocs\littleandlittle\wp-includes\shortcodes.php(356): flatsome_text_box(Array, '\n<p >[payment]\n', 'text_box')
#6 [internal function]: do_shortcode_tag(Array)
#7 C:\xampp\htdocs\littleandlittle\wp-includes\shortcodes.php(228): preg_replace_callback('/\\[(\\[?)(text_b...', 'do in C:\xampp\htdocs\littleandlittle\wp-content\themes\flatsome\functions.php on line 192

2022-05-12T08:37:51+00:00 CRITICAL Uncaught Error: Call to undefined function get_total() in C:\xampp\htdocs\littleandlittle\wp-content\themes\flatsome\functions.php:175
Stack trace:
#0 C:\xampp\htdocs\littleandlittle\wp-includes\shortcodes.php(356): payment('', '', 'payment')
#1 [internal function]: do_shortcode_tag(Array)
#2 C:\xampp\htdocs\littleandlittle\wp-includes\shortcodes.php(228): preg_replace_callback('/\\[(\\[?)(paymen...', 'do_shortcode_ta...', '\n<p >[payment]\n')
#3 C:\xampp\htdocs\littleandlittle\wp-content\themes\flatsome\inc\helpers\helpers-shortcode.php(203): do_shortcode('\n<p >[payment]\n')
#4 C:\xampp\htdocs\littleandlittle\wp-content\themes\flatsome\inc\shortcodes\text_box.php(100): flatsome_contentfix('\n<p >[payment]\n')
#5 C:\xampp\htdocs\littleandlittle\wp-includes\shortcodes.php(356): flatsome_text_box(Array, '\n<p >[payment]\n', 'text_box')
#6 [internal function]: do_shortcode_tag(Array)
#7 C:\xampp\htdocs\littleandlittle\wp-includes\shortcodes.php(228): preg_replace_callback('/\\[(\\[?)(text_b...', 'do_shortcode_t in C:\xampp\htdocs\littleandlittle\wp-content\themes\flatsome\functions.php on line 175

2022-05-12T10:15:21+00:00 CRITICAL Uncaught Error: Call to a member function get_checkout_fields() on null in C:\xampp\htdocs\littleandlittle\wp-content\themes\flatsome\functions.php:234
Stack trace:
#0 C:\xampp\htdocs\littleandlittle\wp-includes\shortcodes.php(356): payment('', '', 'payment')
#1 [internal function]: do_shortcode_tag(Array)
#2 C:\xampp\htdocs\littleandlittle\wp-includes\shortcodes.php(228): preg_replace_callback('/\\[(\\[?)(paymen...', 'do_shortcode_ta...', '\n<p >[payment]\n')
#3 C:\xampp\htdocs\littleandlittle\wp-content\themes\flatsome\inc\helpers\helpers-shortcode.php(203): do_shortcode('\n<p >[payment]\n')
#4 C:\xampp\htdocs\littleandlittle\wp-content\themes\flatsome\inc\shortcodes\text_box.php(100): flatsome_contentfix('\n<p >[payment]\n')
#5 C:\xampp\htdocs\littleandlittle\wp-includes\shortcodes.php(356): flatsome_text_box(Array, '\n<p >[payment]\n', 'text_box')
#6 [internal function]: do_shortcode_tag(Array)
#7 C:\xampp\htdocs\littleandlittle\wp-includes\shortcodes.php(228): preg_replace_callback('/\\[(\\[?)(text_b...' in C:\xampp\htdocs\littleandlittle\wp-content\themes\flatsome\functions.php on line 234

2022-05-12T10:30:04+00:00 CRITICAL Uncaught Error: Call to a member function get_checkout_fields() on null in C:\xampp\htdocs\littleandlittle\wp-content\themes\flatsome\functions.php:234
Stack trace:
#0 C:\xampp\htdocs\littleandlittle\wp-includes\shortcodes.php(356): payment('', '', 'payment')
#1 [internal function]: do_shortcode_tag(Array)
#2 C:\xampp\htdocs\littleandlittle\wp-includes\shortcodes.php(228): preg_replace_callback('/\\[(\\[?)(paymen...', 'do_shortcode_ta...', '\n<p >[payment]\n')
#3 C:\xampp\htdocs\littleandlittle\wp-content\themes\flatsome\inc\helpers\helpers-shortcode.php(203): do_shortcode('\n<p >[payment]\n')
#4 C:\xampp\htdocs\littleandlittle\wp-content\themes\flatsome\inc\shortcodes\text_box.php(100): flatsome_contentfix('\n<p >[payment]\n')
#5 C:\xampp\htdocs\littleandlittle\wp-includes\shortcodes.php(356): flatsome_text_box(Array, '\n<p >[payment]\n', 'text_box')
#6 [internal function]: do_shortcode_tag(Array)
#7 C:\xampp\htdocs\littleandlittle\wp-includes\shortcodes.php(228): preg_replace_callback('/\\[(\\[?)(text_b...' in C:\xampp\htdocs\littleandlittle\wp-content\themes\flatsome\functions.php on line 234

2022-05-12T10:31:09+00:00 CRITICAL Uncaught Error: Call to a member function get_checkout_fields() on null in C:\xampp\htdocs\littleandlittle\wp-content\themes\flatsome\functions.php:234
Stack trace:
#0 C:\xampp\htdocs\littleandlittle\wp-includes\shortcodes.php(356): payment('', '', 'payment')
#1 [internal function]: do_shortcode_tag(Array)
#2 C:\xampp\htdocs\littleandlittle\wp-includes\shortcodes.php(228): preg_replace_callback('/\\[(\\[?)(paymen...', 'do_shortcode_ta...', '\n<p >[payment]\n')
#3 C:\xampp\htdocs\littleandlittle\wp-content\themes\flatsome\inc\helpers\helpers-shortcode.php(203): do_shortcode('\n<p >[payment]\n')
#4 C:\xampp\htdocs\littleandlittle\wp-content\themes\flatsome\inc\shortcodes\text_box.php(100): flatsome_contentfix('\n<p >[payment]\n')
#5 C:\xampp\htdocs\littleandlittle\wp-includes\shortcodes.php(356): flatsome_text_box(Array, '\n<p >[payment]\n', 'text_box')
#6 [internal function]: do_shortcode_tag(Array)
#7 C:\xampp\htdocs\littleandlittle\wp-includes\shortcodes.php(228): preg_replace_callback('/\\[(\\[?)(text_b...' in C:\xampp\htdocs\littleandlittle\wp-content\themes\flatsome\functions.php on line 234

2022-05-12T10:32:32+00:00 CRITICAL Uncaught Error: Call to a member function get_checkout_fields() on null in C:\xampp\htdocs\littleandlittle\wp-content\themes\flatsome\functions.php:234
Stack trace:
#0 C:\xampp\htdocs\littleandlittle\wp-includes\shortcodes.php(356): payment('', '', 'payment')
#1 [internal function]: do_shortcode_tag(Array)
#2 C:\xampp\htdocs\littleandlittle\wp-includes\shortcodes.php(228): preg_replace_callback('/\\[(\\[?)(paymen...', 'do_shortcode_ta...', '\n<p >[payment]\n')
#3 C:\xampp\htdocs\littleandlittle\wp-content\themes\flatsome\inc\helpers\helpers-shortcode.php(203): do_shortcode('\n<p >[payment]\n')
#4 C:\xampp\htdocs\littleandlittle\wp-content\themes\flatsome\inc\shortcodes\text_box.php(100): flatsome_contentfix('\n<p >[payment]\n')
#5 C:\xampp\htdocs\littleandlittle\wp-includes\shortcodes.php(356): flatsome_text_box(Array, '\n<p >[payment]\n', 'text_box')
#6 [internal function]: do_shortcode_tag(Array)
#7 C:\xampp\htdocs\littleandlittle\wp-includes\shortcodes.php(228): preg_replace_callback('/\\[(\\[?)(text_b...' in C:\xampp\htdocs\littleandlittle\wp-content\themes\flatsome\functions.php on line 234

2022-05-12T10:32:41+00:00 CRITICAL Uncaught Error: Call to a member function get_checkout_fields() on null in C:\xampp\htdocs\littleandlittle\wp-content\themes\flatsome\functions.php:234
Stack trace:
#0 C:\xampp\htdocs\littleandlittle\wp-includes\shortcodes.php(356): payment('', '', 'payment')
#1 [internal function]: do_shortcode_tag(Array)
#2 C:\xampp\htdocs\littleandlittle\wp-includes\shortcodes.php(228): preg_replace_callback('/\\[(\\[?)(paymen...', 'do_shortcode_ta...', '\n<p >[payment]\n')
#3 C:\xampp\htdocs\littleandlittle\wp-content\themes\flatsome\inc\helpers\helpers-shortcode.php(203): do_shortcode('\n<p >[payment]\n')
#4 C:\xampp\htdocs\littleandlittle\wp-content\themes\flatsome\inc\shortcodes\text_box.php(100): flatsome_contentfix('\n<p >[payment]\n')
#5 C:\xampp\htdocs\littleandlittle\wp-includes\shortcodes.php(356): flatsome_text_box(Array, '\n<p >[payment]\n', 'text_box')
#6 [internal function]: do_shortcode_tag(Array)
#7 C:\xampp\htdocs\littleandlittle\wp-includes\shortcodes.php(228): preg_replace_callback('/\\[(\\[?)(text_b...' in C:\xampp\htdocs\littleandlittle\wp-content\themes\flatsome\functions.php on line 234

