2022-05-18T02:32:48+00:00 CRITICAL Uncaught Error: Unsupported operand types in C:\xampp\htdocs\littleandlittle\wp-content\plugins\pinterest-for-woocommerce\src\TrackerSnapshot.php:88
Stack trace:
#0 C:\xampp\htdocs\littleandlittle\wp-content\plugins\pinterest-for-woocommerce\src\TrackerSnapshot.php(61): Automattic\WooCommerce\Pinterest\TrackerSnapshot::parse_settings()
#1 C:\xampp\htdocs\littleandlittle\wp-content\plugins\pinterest-for-woocommerce\src\TrackerSnapshot.php(43): Automattic\WooCommerce\Pinterest\TrackerSnapshot::include_snapshot_data(Array)
#2 C:\xampp\htdocs\littleandlittle\wp-includes\class-wp-hook.php(307): Automattic\WooCommerce\Pinterest\TrackerSnapshot::Automattic\WooCommerce\Pinterest\{closure}(Array)
#3 C:\xampp\htdocs\littleandlittle\wp-includes\plugin.php(189): WP_Hook->apply_filters(Array, Array)
#4 C:\xampp\htdocs\littleandlittle\wp-content\plugins\woocommerce\includes\class-wc-tracker.php(175): apply_filters('woocommerce_tra...', Array)
#5 C:\xampp\htdocs\littleandlittle\wp-content\plugins\woocommerce\includes\class- in C:\xampp\htdocs\littleandlittle\wp-content\plugins\pinterest-for-woocommerce\src\TrackerSnapshot.php on line 88

2022-05-18T03:31:23+00:00 CRITICAL Uncaught Error: Call to undefined function get_id() in C:\xampp\htdocs\littleandlittle\wp-content\themes\flatsome\functions.php:57
Stack trace:
#0 C:\xampp\htdocs\littleandlittle\wp-includes\shortcodes.php(356): registered('', '', 'registered')
#1 [internal function]: do_shortcode_tag(Array)
#2 C:\xampp\htdocs\littleandlittle\wp-includes\shortcodes.php(228): preg_replace_callback('/\\[(\\[?)(regist...', 'do_shortcode_ta...', '\n[registered]\n')
#3 C:\xampp\htdocs\littleandlittle\wp-content\themes\flatsome\inc\helpers\helpers-shortcode.php(203): do_shortcode('\n[registered]\n')
#4 C:\xampp\htdocs\littleandlittle\wp-content\themes\flatsome\inc\shortcodes\text_box.php(100): flatsome_contentfix('\n[registered]\n')
#5 C:\xampp\htdocs\littleandlittle\wp-includes\shortcodes.php(356): flatsome_text_box(Array, '\n[registered]\n', 'text_box')
#6 [internal function]: do_shortcode_tag(Array)
#7 C:\xampp\htdocs\littleandlittle\wp-includes\shortcodes.php(228): preg_replace_callback('/\\[(\\[?)(text_b...', 'do_shortcode_ta. in C:\xampp\htdocs\littleandlittle\wp-content\themes\flatsome\functions.php on line 57

2022-05-18T06:45:49+00:00 CRITICAL syntax error, unexpected 'endwhile' (T_ENDWHILE) in C:\xampp\htdocs\littleandlittle\wp-content\themes\flatsome\functions.php on line 63

2022-05-18T07:40:55+00:00 CRITICAL Uncaught ArgumentCountError: Too few arguments to function flatsome_woocommerce_loop_add_to_cart_link(), 2 passed in C:\xampp\htdocs\littleandlittle\wp-includes\class-wp-hook.php on line 307 and exactly 3 expected in C:\xampp\htdocs\littleandlittle\wp-content\themes\flatsome\inc\woocommerce\structure-wc-product-box.php:211
Stack trace:
#0 C:\xampp\htdocs\littleandlittle\wp-includes\class-wp-hook.php(307): flatsome_woocommerce_loop_add_to_cart_link('<a href="?add-t...', Object(WC_Product_Simple))
#1 C:\xampp\htdocs\littleandlittle\wp-includes\plugin.php(189): WP_Hook->apply_filters('<a href="?add-t...', Array)
#2 C:\xampp\htdocs\littleandlittle\wp-content\themes\flatsome\functions.php(106): apply_filters('woocommerce_loo...', '<a href="?add-t...', Object(WC_Product_Simple))
#3 C:\xampp\htdocs\littleandlittle\wp-includes\shortcodes.php(356): registered('', '', 'registered')
#4 [internal function]: do_shortcode_tag(Array)
#5 C:\xampp\htdocs\littleandlittle\wp-includes\shortcodes.php(228): preg_replace_callback(' in C:\xampp\htdocs\littleandlittle\wp-content\themes\flatsome\inc\woocommerce\structure-wc-product-box.php on line 211

2022-05-18T07:42:35+00:00 CRITICAL Uncaught Error: Call to undefined method WC_Product_Simple::id() in C:\xampp\htdocs\littleandlittle\wp-content\themes\flatsome\functions.php:97
Stack trace:
#0 C:\xampp\htdocs\littleandlittle\wp-includes\shortcodes.php(356): registered('', '', 'registered')
#1 [internal function]: do_shortcode_tag(Array)
#2 C:\xampp\htdocs\littleandlittle\wp-includes\shortcodes.php(228): preg_replace_callback('/\\[(\\[?)(regist...', 'do_shortcode_ta...', '\n[registered]\n')
#3 C:\xampp\htdocs\littleandlittle\wp-content\themes\flatsome\inc\helpers\helpers-shortcode.php(203): do_shortcode('\n[registered]\n')
#4 C:\xampp\htdocs\littleandlittle\wp-content\themes\flatsome\inc\shortcodes\text_box.php(100): flatsome_contentfix('\n[registered]\n')
#5 C:\xampp\htdocs\littleandlittle\wp-includes\shortcodes.php(356): flatsome_text_box(Array, '\n[registered]\n', 'text_box')
#6 [internal function]: do_shortcode_tag(Array)
#7 C:\xampp\htdocs\littleandlittle\wp-includes\shortcodes.php(228): preg_replace_callback('/\\[(\\[?)(text_b...', 'do_ in C:\xampp\htdocs\littleandlittle\wp-content\themes\flatsome\functions.php on line 97

